<?xml version="1.0" encoding="UTF-8"?>
<testng-results ignored="0" total="1" passed="1" failed="0" skipped="0">
  <reporter-output>
  </reporter-output>
  <suite started-at="2019-08-08T12:45:26Z" name="Default suite" finished-at="2019-08-08T12:46:42Z" duration-ms="76467">
    <groups>
    </groups>
    <test started-at="2019-08-08T12:45:26Z" name="Default test" finished-at="2019-08-08T12:46:42Z" duration-ms="76467">
      <class name="com.atmecs.testscripts.CheckoutTest">
        <test-method is-config="true" signature="preSetup()[pri:0, instance:com.atmecs.testscripts.CheckoutTest@add0edd]" started-at="2019-08-08T12:45:26Z" name="preSetup" finished-at="2019-08-08T12:45:31Z" duration-ms="5498" status="PASS">
          <reporter-output>
          </reporter-output>
        </test-method> <!-- preSetup -->
        <test-method signature="checkout()[pri:0, instance:com.atmecs.testscripts.CheckoutTest@add0edd]" started-at="2019-08-08T12:45:31Z" name="checkout" finished-at="2019-08-08T12:46:42Z" duration-ms="70861" status="PASS">
          <reporter-output>
          </reporter-output>
        </test-method> <!-- checkout -->
        <test-method is-config="true" signature="tearDown()[pri:0, instance:com.atmecs.testscripts.CheckoutTest@add0edd]" started-at="2019-08-08T12:46:42Z" name="tearDown" finished-at="2019-08-08T12:46:42Z" duration-ms="89" status="PASS">
          <reporter-output>
          </reporter-output>
        </test-method> <!-- tearDown -->
      </class> <!-- com.atmecs.testscripts.CheckoutTest -->
    </test> <!-- Default test -->
  </suite> <!-- Default suite -->
</testng-results>
