<?xml version="1.0" encoding="UTF-8"?>
<!-- Generated by org.testng.reporters.JUnitXMLReporter -->
<testsuite hostname="ATMECSINDT-034" failures="2" tests="3" name="The Demo_QA TestScripts" time="26.795" errors="0" timestamp="13 Aug 2019 14:04:08 GMT">
  <testcase classname="com.atmecs.testscripts.AddToCart" name="" time="9.947"/>
  <testcase classname="com.atmecs.testscripts.CountProdTest" name="CountProdTest" time="0.003">
    <failure type="java.lang.NullPointerException">
      <![CDATA[java.lang.NullPointerException
	at com.atmecs.testscripts.CountProdTest.CountProdTest(CountProdTest.java:29)
... Removed 24 stack frames]]>
    </failure>
  </testcase> <!-- CountProdTest -->
  <testcase classname="com.atmecs.testscripts.Checkout" name="checkout" time="0.001">
    <failure type="java.lang.NullPointerException">
      <![CDATA[java.lang.NullPointerException
	at com.atmecs.constants.PageActionClick.clickable(PageActionClick.java:11)
	at com.atmecs.helper.ClickHelper.clickElement(ClickHelper.java:11)
	at com.atmecs.testscripts.Checkout.checkout(Checkout.java:42)
... Removed 24 stack frames]]>
    </failure>
  </testcase> <!-- checkout -->
</testsuite> <!-- The Demo_QA TestScripts -->
